\BOOKMARK [0][-]{chapter.1}{Introducci\363n}{}% 1
\BOOKMARK [1][-]{section.1.1}{Motivaci\363n}{chapter.1}% 2
\BOOKMARK [1][-]{section.1.2}{Alcance}{chapter.1}% 3
\BOOKMARK [1][-]{section.1.3}{Glosario de T\351rminos}{chapter.1}% 4
\BOOKMARK [1][-]{section.1.4}{Organizaci\363n del documento}{chapter.1}% 5
\BOOKMARK [0][-]{chapter.2}{Planificaci\363n}{}% 6
\BOOKMARK [1][-]{section.2.1}{Metodolog\355a de desarrollo}{chapter.2}% 7
\BOOKMARK [1][-]{section.2.2}{Planificaci\363n del proyecto}{chapter.2}% 8
\BOOKMARK [1][-]{section.2.3}{Organizaci\363n}{chapter.2}% 9
\BOOKMARK [1][-]{section.2.4}{Riesgos}{chapter.2}% 10
\BOOKMARK [-1][-]{part.1}{I Desarrollo}{}% 11
\BOOKMARK [0][-]{chapter.3}{Requisitos del Sistema}{part.1}% 12
\BOOKMARK [1][-]{section.3.1}{Situaci\363n actual}{chapter.3}% 13
\BOOKMARK [2][-]{subsection.3.1.1}{Entorno Tecnol\363gico}{section.3.1}% 14
\BOOKMARK [2][-]{subsection.3.1.2}{Fortalezas y Debilidades}{section.3.1}% 15
\BOOKMARK [1][-]{section.3.2}{Objetivos del Sistema}{chapter.3}% 16
\BOOKMARK [1][-]{section.3.3}{Cat\341logo de Requisitos}{chapter.3}% 17
\BOOKMARK [2][-]{subsection.3.3.1}{Requisitos funcionales}{section.3.3}% 18
\BOOKMARK [2][-]{subsection.3.3.2}{Requisitos no funcionales}{section.3.3}% 19
\BOOKMARK [2][-]{subsection.3.3.3}{Requisitos de informaci\363n}{section.3.3}% 20
\BOOKMARK [1][-]{section.3.4}{Alternativas de Soluci\363n}{chapter.3}% 21
\BOOKMARK [1][-]{section.3.5}{Soluci\363n Propuesta}{chapter.3}% 22
\BOOKMARK [0][-]{chapter.4}{An\341lisis del Sistema}{part.1}% 23
\BOOKMARK [1][-]{section.4.1}{Modelo Conceptual}{chapter.4}% 24
\BOOKMARK [1][-]{section.4.2}{Modelo de Casos de Uso}{chapter.4}% 25
\BOOKMARK [2][-]{subsection.4.2.1}{Actores}{section.4.2}% 26
\BOOKMARK [2][-]{subsection.4.2.2}{Descripci\363n de los casos de uso}{section.4.2}% 27
\BOOKMARK [1][-]{section.4.3}{Modelo de Comportamiento}{chapter.4}% 28
\BOOKMARK [1][-]{section.4.4}{Modelo de Interfaz de Usuario}{chapter.4}% 29
\BOOKMARK [0][-]{chapter.5}{Dise\361o del Sistema}{part.1}% 30
\BOOKMARK [1][-]{section.5.1}{Arquitectura del Sistema}{chapter.5}% 31
\BOOKMARK [2][-]{subsection.5.1.1}{Arquitectura F\355sica}{section.5.1}% 32
\BOOKMARK [2][-]{subsection.5.1.2}{Arquitectura L\363gica}{section.5.1}% 33
\BOOKMARK [1][-]{section.5.2}{Parametrizaci\363n del software base}{chapter.5}% 34
\BOOKMARK [1][-]{section.5.3}{Dise\361o F\355sico de Datos}{chapter.5}% 35
\BOOKMARK [0][-]{chapter.6}{Construcci\363n del Sistema}{part.1}% 36
\BOOKMARK [1][-]{section.6.1}{Entorno de Construcci\363n}{chapter.6}% 37
\BOOKMARK [1][-]{section.6.2}{C\363digo Fuente}{chapter.6}% 38
\BOOKMARK [1][-]{section.6.3}{Scripts de Base de datos}{chapter.6}% 39
\BOOKMARK [0][-]{chapter.7}{Pruebas del Sistema}{part.1}% 40
\BOOKMARK [1][-]{section.7.1}{Estrategia}{chapter.7}% 41
\BOOKMARK [1][-]{section.7.2}{Entorno de Pruebas}{chapter.7}% 42
\BOOKMARK [1][-]{section.7.3}{Roles}{chapter.7}% 43
\BOOKMARK [1][-]{section.7.4}{Niveles de Pruebas}{chapter.7}% 44
\BOOKMARK [2][-]{subsection.7.4.1}{Pruebas de Sistema}{section.7.4}% 45
\BOOKMARK [2][-]{subsection.7.4.2}{Pruebas de Aceptaci\363n}{section.7.4}% 46
\BOOKMARK [-1][-]{part.2}{II Ep\355logo}{}% 47
\BOOKMARK [0][-]{chapter.8}{Manual de implantaci\363n y explotaci\363n}{part.2}% 48
\BOOKMARK [1][-]{section.8.1}{Introducci\363n}{chapter.8}% 49
\BOOKMARK [1][-]{section.8.2}{Requisitos previos}{chapter.8}% 50
\BOOKMARK [1][-]{section.8.3}{Inventario de componentes}{chapter.8}% 51
\BOOKMARK [1][-]{section.8.4}{Procedimientos de instalaci\363n}{chapter.8}% 52
\BOOKMARK [1][-]{section.8.5}{Pruebas de implantaci\363n}{chapter.8}% 53
\BOOKMARK [1][-]{section.8.6}{Procedimientos de operaci\363n y nivel de servicio}{chapter.8}% 54
\BOOKMARK [0][-]{chapter.9}{Manual de usuario}{part.2}% 55
\BOOKMARK [1][-]{section.9.1}{Introducci\363n}{chapter.9}% 56
\BOOKMARK [1][-]{section.9.2}{Caracter\355sticas}{chapter.9}% 57
\BOOKMARK [1][-]{section.9.3}{Requisitos previos}{chapter.9}% 58
\BOOKMARK [1][-]{section.9.4}{Uso del sistema}{chapter.9}% 59
\BOOKMARK [0][-]{chapter.10}{Conclusiones}{part.2}% 60
\BOOKMARK [1][-]{section.10.1}{Objetivos alcanzados}{chapter.10}% 61
\BOOKMARK [1][-]{section.10.2}{Lecciones aprendidas}{chapter.10}% 62
\BOOKMARK [1][-]{section.10.3}{Trabajo futuro}{chapter.10}% 63
\BOOKMARK [0][-]{chapter*.8}{Bibliograf\355a}{part.2}% 64
\BOOKMARK [0][-]{section*.9}{Informaci\363n sobre Licencia}{part.2}% 65
